app/build/intermediates/manifest_merge_blame_file/debug/processDebugMainManifest/manifest-merger-blame-debug-report.txt
1<?xml version="1.0" encoding="utf-8"?>
2<manifest xmlns:android="http://schemas.android.com/apk/res/android"
3    package="humer.uvc_camera"
4    android:versionCode="128"
5    android:versionName="2.2.9" >
6
7    <uses-sdk
7-->src/main/AndroidManifest.xml:21:5-22:125
8        android:minSdkVersion="15"
9        android:targetSdkVersion="36" />
10
11    <uses-permission android:name="android.permission.READ_MEDIA_*" />
11-->src/main/AndroidManifest.xml:4:5-71
11-->src/main/AndroidManifest.xml:4:22-68
12    <uses-permission
12-->src/main/AndroidManifest.xml:5:5-107
13        android:name="android.permission.WRITE_EXTERNAL_STORAGE"
13-->src/main/AndroidManifest.xml:5:22-78
14        android:maxSdkVersion="32" />
14-->src/main/AndroidManifest.xml:5:79-105
15    <uses-permission android:name="android.permission.STORAGE" />
15-->src/main/AndroidManifest.xml:6:5-66
15-->src/main/AndroidManifest.xml:6:22-63
16    <uses-permission
16-->src/main/AndroidManifest.xml:7:5-106
17        android:name="android.permission.READ_EXTERNAL_STORAGE"
17-->src/main/AndroidManifest.xml:7:22-77
18        android:maxSdkVersion="32" />
18-->src/main/AndroidManifest.xml:7:78-104
19    <uses-permission android:name="android.permission.USB_PERMISSION" />
19-->src/main/AndroidManifest.xml:8:5-73
19-->src/main/AndroidManifest.xml:8:22-70
20    <uses-permission android:name="android.permission.CAMERA" />
20-->src/main/AndroidManifest.xml:9:5-65
20-->src/main/AndroidManifest.xml:9:22-62
21    <uses-permission android:name="android.permission.MODIFY_AUDIO_SETTINGS" />
21-->src/main/AndroidManifest.xml:10:5-80
21-->src/main/AndroidManifest.xml:10:22-77
22    <uses-permission android:name="android.permission.RECORD_AUDIO" />
22-->src/main/AndroidManifest.xml:11:5-71
22-->src/main/AndroidManifest.xml:11:22-68
23    <!-- Required for CameraPhotoTriggerService -->
24    <uses-permission android:name="android.permission.FOREGROUND_SERVICE" />
24-->src/main/AndroidManifest.xml:13:5-77
24-->src/main/AndroidManifest.xml:13:22-74
25    <uses-permission android:name="android.permission.WAKE_LOCK" />
25-->src/main/AndroidManifest.xml:14:5-68
25-->src/main/AndroidManifest.xml:14:22-65
26    <!-- Required for notification on Android 13+ -->
27    <uses-permission android:name="android.permission.POST_NOTIFICATIONS" />
27-->src/main/AndroidManifest.xml:16:5-77
27-->src/main/AndroidManifest.xml:16:22-74
28
29    <uses-feature
29-->src/main/AndroidManifest.xml:18:5-84
30        android:name="android.hardware.camera"
30-->src/main/AndroidManifest.xml:18:19-57
31        android:required="false" />
31-->src/main/AndroidManifest.xml:18:58-82
32    <uses-feature android:name="android.hardware.usb.host" />
32-->src/main/AndroidManifest.xml:19:5-62
32-->src/main/AndroidManifest.xml:19:19-59
33
34    <application
34-->src/main/AndroidManifest.xml:24:5-114:19
35        android:allowBackup="true"
35-->src/main/AndroidManifest.xml:26:9-35
36        android:debuggable="true"
37        android:extractNativeLibs="true"
38        android:icon="@mipmap/ic_launcher"
38-->src/main/AndroidManifest.xml:27:9-43
39        android:label="@string/app_name"
39-->src/main/AndroidManifest.xml:28:9-41
40        android:largeHeap="true"
40-->src/main/AndroidManifest.xml:30:9-33
41        android:requestLegacyExternalStorage="true"
41-->src/main/AndroidManifest.xml:32:9-52
42        android:roundIcon="@mipmap/ic_launcher_round"
42-->src/main/AndroidManifest.xml:29:9-54
43        android:supportsRtl="true"
43-->src/main/AndroidManifest.xml:31:9-35
44        android:testOnly="true"
45        android:theme="@style/Theme.AppCompat.Light.NoActionBar" >
45-->src/main/AndroidManifest.xml:25:9-65
46        <activity
46-->src/main/AndroidManifest.xml:34:9-45:20
47            android:name="humer.UvcCamera.Main"
47-->src/main/AndroidManifest.xml:34:19-54
48            android:exported="true" >
48-->src/main/AndroidManifest.xml:35:13-36
49            <intent-filter>
49-->src/main/AndroidManifest.xml:36:13-38:29
50                <action android:name="android.hardware.usb.action.USB_DEVICE_ATTACHED" />
50-->src/main/AndroidManifest.xml:37:17-89
50-->src/main/AndroidManifest.xml:37:25-87
51            </intent-filter>
52
53            <meta-data
53-->src/main/AndroidManifest.xml:39:13-126
54                android:name="android.hardware.usb.action.USB_DEVICE_ATTACHED"
54-->src/main/AndroidManifest.xml:39:24-86
55                android:resource="@xml/device_filter" />
55-->src/main/AndroidManifest.xml:39:87-124
56
57            <intent-filter>
57-->src/main/AndroidManifest.xml:40:13-43:29
58                <action android:name="android.intent.action.MAIN" />
58-->src/main/AndroidManifest.xml:41:17-69
58-->src/main/AndroidManifest.xml:41:25-66
59
60                <category android:name="android.intent.category.LAUNCHER" />
60-->src/main/AndroidManifest.xml:42:17-77
60-->src/main/AndroidManifest.xml:42:27-74
61            </intent-filter>
62        </activity>
63        <activity
63-->src/main/AndroidManifest.xml:46:9-48:20
64            android:name="humer.UvcCamera.PrivacyPolicyActivity"
64-->src/main/AndroidManifest.xml:46:19-71
65            android:exported="true" >
65-->src/main/AndroidManifest.xml:47:13-36
66        </activity>
67        <activity
67-->src/main/AndroidManifest.xml:49:9-51:20
68            android:name="humer.UvcCamera.ReadMeActivity"
68-->src/main/AndroidManifest.xml:49:19-64
69            android:exported="true" >
69-->src/main/AndroidManifest.xml:50:13-36
70        </activity>
71        <!-- PhotoTriggerStreamActivity: extends StartIsoStreamActivityUvc with Q-key trigger -->
72        <activity
72-->src/main/AndroidManifest.xml:53:9-56:20
73            android:name="humer.UvcCamera.PhotoTriggerStreamActivity"
73-->src/main/AndroidManifest.xml:53:19-76
74            android:configChanges="orientation|screenSize|keyboardHidden"
74-->src/main/AndroidManifest.xml:54:13-74
75            android:exported="false" >
75-->src/main/AndroidManifest.xml:55:13-37
76        </activity>
77        <activity
77-->src/main/AndroidManifest.xml:57:9-64:20
78            android:name="humer.UvcCamera.StartIsoStreamActivityUsbIso"
78-->src/main/AndroidManifest.xml:57:19-78
79            android:exported="true" >
79-->src/main/AndroidManifest.xml:58:13-36
80            <intent-filter>
80-->src/main/AndroidManifest.xml:59:13-63:29
81                <category android:name="android.intent.category.LAUNCHER" />
81-->src/main/AndroidManifest.xml:42:17-77
81-->src/main/AndroidManifest.xml:42:27-74
82
83                <action android:name="android.hardware.usb.action.USB_DEVICE_ATTACHED" />
83-->src/main/AndroidManifest.xml:37:17-89
83-->src/main/AndroidManifest.xml:37:25-87
84                <action android:name="android.hardware.usb.action.USB_DEVICE_DETACHED" />
84-->src/main/AndroidManifest.xml:62:17-90
84-->src/main/AndroidManifest.xml:62:25-87
85            </intent-filter>
86        </activity>
87        <activity
87-->src/main/AndroidManifest.xml:65:9-73:20
88            android:name="humer.UvcCamera.StartIsoStreamActivityUvc"
88-->src/main/AndroidManifest.xml:65:19-75
89            android:configChanges="orientation|screenSize|keyboardHidden"
89-->src/main/AndroidManifest.xml:66:13-74
90            android:exported="true" >
90-->src/main/AndroidManifest.xml:67:13-36
91            <intent-filter>
91-->src/main/AndroidManifest.xml:59:13-63:29
92                <category android:name="android.intent.category.LAUNCHER" />
92-->src/main/AndroidManifest.xml:42:17-77
92-->src/main/AndroidManifest.xml:42:27-74
93
94                <action android:name="android.hardware.usb.action.USB_DEVICE_ATTACHED" />
94-->src/main/AndroidManifest.xml:37:17-89
94-->src/main/AndroidManifest.xml:37:25-87
95                <action android:name="android.hardware.usb.action.USB_DEVICE_DETACHED" />
95-->src/main/AndroidManifest.xml:62:17-90
95-->src/main/AndroidManifest.xml:62:25-87
96            </intent-filter>
97        </activity>
98        <activity
98-->src/main/AndroidManifest.xml:74:9-82:20
99            android:name="humer.UvcCamera.SetUpTheUsbDeviceUsbIso"
99-->src/main/AndroidManifest.xml:74:19-73
100            android:configChanges="orientation|screenSize|keyboardHidden"
100-->src/main/AndroidManifest.xml:75:13-74
101            android:exported="true" >
101-->src/main/AndroidManifest.xml:76:13-36
102            <intent-filter>
102-->src/main/AndroidManifest.xml:59:13-63:29
103                <category android:name="android.intent.category.LAUNCHER" />
103-->src/main/AndroidManifest.xml:42:17-77
103-->src/main/AndroidManifest.xml:42:27-74
104
105                <action android:name="android.hardware.usb.action.USB_DEVICE_ATTACHED" />
105-->src/main/AndroidManifest.xml:37:17-89
105-->src/main/AndroidManifest.xml:37:25-87
106                <action android:name="android.hardware.usb.action.USB_DEVICE_DETACHED" />
106-->src/main/AndroidManifest.xml:62:17-90
106-->src/main/AndroidManifest.xml:62:25-87
107            </intent-filter>
108        </activity>
109        <activity
109-->src/main/AndroidManifest.xml:83:9-90:20
110            android:name="humer.UvcCamera.SetUpTheUsbDeviceUvc"
110-->src/main/AndroidManifest.xml:83:19-70
111            android:exported="true" >
111-->src/main/AndroidManifest.xml:84:13-36
112            <intent-filter>
112-->src/main/AndroidManifest.xml:59:13-63:29
113                <category android:name="android.intent.category.LAUNCHER" />
113-->src/main/AndroidManifest.xml:42:17-77
113-->src/main/AndroidManifest.xml:42:27-74
114
115                <action android:name="android.hardware.usb.action.USB_DEVICE_ATTACHED" />
115-->src/main/AndroidManifest.xml:37:17-89
115-->src/main/AndroidManifest.xml:37:25-87
116                <action android:name="android.hardware.usb.action.USB_DEVICE_DETACHED" />
116-->src/main/AndroidManifest.xml:62:17-90
116-->src/main/AndroidManifest.xml:62:25-87
117            </intent-filter>
118        </activity>
119        <activity
119-->src/main/AndroidManifest.xml:91:9-99:20
120            android:name="humer.UvcCamera.AutomaticDetection.LibUsb_AutoDetect"
120-->src/main/AndroidManifest.xml:91:19-86
121            android:exported="true"
121-->src/main/AndroidManifest.xml:93:13-36
122            android:theme="@style/Theme.Transparent" >
122-->src/main/AndroidManifest.xml:92:13-53
123            <intent-filter>
123-->src/main/AndroidManifest.xml:59:13-63:29
124                <category android:name="android.intent.category.LAUNCHER" />
124-->src/main/AndroidManifest.xml:42:17-77
124-->src/main/AndroidManifest.xml:42:27-74
125
126                <action android:name="android.hardware.usb.action.USB_DEVICE_ATTACHED" />
126-->src/main/AndroidManifest.xml:37:17-89
126-->src/main/AndroidManifest.xml:37:25-87
127                <action android:name="android.hardware.usb.action.USB_DEVICE_DETACHED" />
127-->src/main/AndroidManifest.xml:62:17-90
127-->src/main/AndroidManifest.xml:62:25-87
128            </intent-filter>
129        </activity>
130        <activity
130-->src/main/AndroidManifest.xml:100:9-109:20
131            android:name="humer.UvcCamera.AutomaticDetection.Jna_AutoDetect"
131-->src/main/AndroidManifest.xml:100:19-83
132            android:exported="true"
132-->src/main/AndroidManifest.xml:102:13-36
133            android:theme="@style/Theme.Transparent" >
133-->src/main/AndroidManifest.xml:101:13-53
134            <intent-filter>
134-->src/main/AndroidManifest.xml:59:13-63:29
135                <category android:name="android.intent.category.LAUNCHER" />
135-->src/main/AndroidManifest.xml:42:17-77
135-->src/main/AndroidManifest.xml:42:27-74
136
137                <action android:name="android.hardware.usb.action.USB_DEVICE_ATTACHED" />
137-->src/main/AndroidManifest.xml:37:17-89
137-->src/main/AndroidManifest.xml:37:25-87
138                <action android:name="android.hardware.usb.action.USB_DEVICE_DETACHED" />
138-->src/main/AndroidManifest.xml:62:17-90
138-->src/main/AndroidManifest.xml:62:25-87
139            </intent-filter>
140        </activity>
141        <!-- Foreground service that keeps the app alive and holds a wake lock -->
142        <service
142-->src/main/AndroidManifest.xml:111:9-113:40
143            android:name="humer.UvcCamera.CameraPhotoTriggerService"
143-->src/main/AndroidManifest.xml:112:13-69
144            android:exported="false" />
144-->src/main/AndroidManifest.xml:113:13-37
145
146        <meta-data
146-->[com.android.support:design:26.1.0] AndroidManifest.xml:26:9-28:38
147            android:name="android.support.VERSION"
147-->[com.android.support:design:26.1.0] AndroidManifest.xml:27:13-51
148            android:value="26.1.0" />
148-->[com.android.support:design:26.1.0] AndroidManifest.xml:28:13-35
149        <meta-data
149-->[android.arch.lifecycle:runtime:1.0.0] AndroidManifest.xml:25:9-27:47
150            android:name="android.arch.lifecycle.VERSION"
150-->[android.arch.lifecycle:runtime:1.0.0] AndroidManifest.xml:26:13-58
151            android:value="27.0.0-SNAPSHOT" />
151-->[android.arch.lifecycle:runtime:1.0.0] AndroidManifest.xml:27:13-44
152    </application>
153
154</manifest>